<?xml version="1.0" encoding="UTF-8"?>
<testng-results ignored="0" total="1" passed="1" failed="0" skipped="0">
  <reporter-output>
  </reporter-output>
  <suite started-at="2023-12-26T15:03:56 IST" name="Suite" finished-at="2023-12-26T15:04:38 IST" duration-ms="42735">
    <groups>
    </groups>
    <test started-at="2023-12-26T15:03:56 IST" name="Test" finished-at="2023-12-26T15:04:38 IST" duration-ms="42735">
      <class name="hrmTestCase.LoginTest">
        <test-method is-config="true" signature="setup()[pri:0, instance:hrmTestCase.LoginTest@8c3b9d]" started-at="2023-12-26T15:03:56 IST" name="setup" finished-at="2023-12-26T15:04:25 IST" duration-ms="29396" status="PASS">
          <reporter-output>
          </reporter-output>
        </test-method> <!-- setup -->
        <test-method signature="verifyLogin()[pri:0, instance:hrmTestCase.LoginTest@8c3b9d]" started-at="2023-12-26T15:04:25 IST" name="verifyLogin" finished-at="2023-12-26T15:04:31 IST" duration-ms="6255" status="PASS">
          <reporter-output>
          </reporter-output>
        </test-method> <!-- verifyLogin -->
        <test-method is-config="true" signature="teardown()[pri:0, instance:hrmTestCase.LoginTest@8c3b9d]" started-at="2023-12-26T15:04:31 IST" name="teardown" finished-at="2023-12-26T15:04:38 IST" duration-ms="7066" status="PASS">
          <reporter-output>
          </reporter-output>
        </test-method> <!-- teardown -->
      </class> <!-- hrmTestCase.LoginTest -->
    </test> <!-- Test -->
  </suite> <!-- Suite -->
</testng-results>
