<?xml version="1.0" encoding="UTF-8"?>
<testng-results ignored="0" total="1" passed="1" failed="0" skipped="0">
  <reporter-output>
  </reporter-output>
  <suite started-at="2023-12-26T15:03:18 IST" name="Default suite" finished-at="2023-12-26T15:03:35 IST" duration-ms="16736">
    <groups>
    </groups>
    <test started-at="2023-12-26T15:03:18 IST" name="Default test" finished-at="2023-12-26T15:03:35 IST" duration-ms="16736">
      <class name="hrmTestCase.LoginTest">
        <test-method is-config="true" signature="setup()[pri:0, instance:hrmTestCase.LoginTest@73ee04c8]" started-at="2023-12-26T15:03:18 IST" name="setup" finished-at="2023-12-26T15:03:24 IST" duration-ms="5177" status="PASS">
          <reporter-output>
          </reporter-output>
        </test-method> <!-- setup -->
        <test-method signature="verifyLogin()[pri:0, instance:hrmTestCase.LoginTest@73ee04c8]" started-at="2023-12-26T15:03:24 IST" name="verifyLogin" finished-at="2023-12-26T15:03:28 IST" duration-ms="4424" status="PASS">
          <reporter-output>
          </reporter-output>
        </test-method> <!-- verifyLogin -->
        <test-method is-config="true" signature="teardown()[pri:0, instance:hrmTestCase.LoginTest@73ee04c8]" started-at="2023-12-26T15:03:28 IST" name="teardown" finished-at="2023-12-26T15:03:35 IST" duration-ms="7113" status="PASS">
          <reporter-output>
          </reporter-output>
        </test-method> <!-- teardown -->
      </class> <!-- hrmTestCase.LoginTest -->
    </test> <!-- Default test -->
  </suite> <!-- Default suite -->
</testng-results>
